<?xml version="1.0" encoding="UTF-8"?>
<!-- Generated by org.testng.reporters.JUnitReportReporter -->
<testsuite hostname="win2019" failures="0" tests="3" name="com.LaunchBrowser.ChromeBrowser" time="45.645" errors="0" timestamp="2024-08-20T01:32:54 PDT" skipped="0">
  <testcase classname="com.LaunchBrowser.ChromeBrowser" name="EdgeLaunch" time="19.030"/>
  <system-out/>
  <testcase classname="com.LaunchBrowser.ChromeBrowser" name="ChromeBrowserLaunch" time="11.173"/>
  <system-out/>
  <testcase classname="com.LaunchBrowser.ChromeBrowser" name="FirefoxBrowserLaunch" time="15.442"/>
  <system-out/>
</testsuite> <!-- com.LaunchBrowser.ChromeBrowser -->
